Determining if the pthread_create exist failed with the following output:
Change Dir: /home/gilad/CLionProjects/Task_05 (copy)/cmake-build-debug/CMakeFiles/CMakeTmp

Run Build Command:"/usr/bin/make" "cmTC_e6c6f/fast"
/usr/bin/make -f CMakeFiles/cmTC_e6c6f.dir/build.make CMakeFiles/cmTC_e6c6f.dir/build
make[1]: Entering directory '/home/gilad/CLionProjects/Task_05 (copy)/cmake-build-debug/CMakeFiles/CMakeTmp'
Building C object CMakeFiles/cmTC_e6c6f.dir/CheckSymbolExists.c.o
/usr/bin/cc    -o CMakeFiles/cmTC_e6c6f.dir/CheckSymbolExists.c.o   -c "/home/gilad/CLionProjects/Task_05 (copy)/cmake-build-debug/CMakeFiles/CMakeTmp/CheckSymbolExists.c"
Linking C executable cmTC_e6c6f
/opt/clion-2017.2.3/bin/cmake/bin/cmake -E cmake_link_script CMakeFiles/cmTC_e6c6f.dir/link.txt --verbose=1
/usr/bin/cc      -rdynamic CMakeFiles/cmTC_e6c6f.dir/CheckSymbolExists.c.o  -o cmTC_e6c6f 
CMakeFiles/cmTC_e6c6f.dir/CheckSymbolExists.c.o: In function `main':
CheckSymbolExists.c:(.text+0x16): undefined reference to `pthread_create'
collect2: error: ld returned 1 exit status
CMakeFiles/cmTC_e6c6f.dir/build.make:97: recipe for target 'cmTC_e6c6f' failed
make[1]: *** [cmTC_e6c6f] Error 1
make[1]: Leaving directory '/home/gilad/CLionProjects/Task_05 (copy)/cmake-build-debug/CMakeFiles/CMakeTmp'
Makefile:126: recipe for target 'cmTC_e6c6f/fast' failed
make: *** [cmTC_e6c6f/fast] Error 2

File /home/gilad/CLionProjects/Task_05 (copy)/cmake-build-debug/CMakeFiles/CMakeTmp/CheckSymbolExists.c:
/* */
#include <pthread.h>

int main(int argc, char** argv)
{
  (void)argv;
#ifndef pthread_create
  return ((int*)(&pthread_create))[argc];
#else
  (void)argc;
  return 0;
#endif
}

Determining if the function pthread_create exists in the pthreads failed with the following output:
Change Dir: /home/gilad/CLionProjects/Task_05 (copy)/cmake-build-debug/CMakeFiles/CMakeTmp

Run Build Command:"/usr/bin/make" "cmTC_949cc/fast"
/usr/bin/make -f CMakeFiles/cmTC_949cc.dir/build.make CMakeFiles/cmTC_949cc.dir/build
make[1]: Entering directory '/home/gilad/CLionProjects/Task_05 (copy)/cmake-build-debug/CMakeFiles/CMakeTmp'
Building C object CMakeFiles/cmTC_949cc.dir/CheckFunctionExists.c.o
/usr/bin/cc   -DCHECK_FUNCTION_EXISTS=pthread_create   -o CMakeFiles/cmTC_949cc.dir/CheckFunctionExists.c.o   -c /opt/clion-2017.2.3/bin/cmake/share/cmake-3.8/Modules/CheckFunctionExists.c
Linking C executable cmTC_949cc
/opt/clion-2017.2.3/bin/cmake/bin/cmake -E cmake_link_script CMakeFiles/cmTC_949cc.dir/link.txt --verbose=1
/usr/bin/cc  -DCHECK_FUNCTION_EXISTS=pthread_create    -rdynamic CMakeFiles/cmTC_949cc.dir/CheckFunctionExists.c.o  -o cmTC_949cc -lpthreads 
/usr/bin/ld: cannot find -lpthreads
collect2: error: ld returned 1 exit status
CMakeFiles/cmTC_949cc.dir/build.make:97: recipe for target 'cmTC_949cc' failed
make[1]: *** [cmTC_949cc] Error 1
make[1]: Leaving directory '/home/gilad/CLionProjects/Task_05 (copy)/cmake-build-debug/CMakeFiles/CMakeTmp'
Makefile:126: recipe for target 'cmTC_949cc/fast' failed
make: *** [cmTC_949cc/fast] Error 2


